<?xml version="1.0" encoding="UTF-8"?>
<!-- Generated by org.testng.reporters.JUnitReportReporter -->
<testsuite hostname="LAPTOP-22R4V3MJ" failures="0" tests="1" name="session_05.ValidateResponseHeader" time="2.925" errors="0" timestamp="2024-08-11T16:56:57 IST" skipped="0">
  <testcase classname="session_05.ValidateResponseHeader" name="getSingleUser" time="2.925"/>
</testsuite> <!-- session_05.ValidateResponseHeader -->
