<?xml version="1.0" encoding="UTF-8"?>
<!-- Generated by org.testng.reporters.JUnitReportReporter -->
<testsuite hostname="LAPTOP-22R4V3MJ" failures="0" tests="2" name="session_03.test_getMethod" time="3.088" errors="0" timestamp="2024-08-08T21:41:34 IST" skipped="0">
  <testcase classname="session_03.test_getMethod" name="test01" time="2.759"/>
  <testcase classname="session_03.test_getMethod" name="test02" time="0.329"/>
</testsuite> <!-- session_03.test_getMethod -->
