<?xml version="1.0" encoding="UTF-8"?>
<!-- Generated by org.testng.reporters.JUnitReportReporter -->
<testsuite hostname="LAPTOP-22R4V3MJ" failures="0" tests="1" name="session_03_all_methods.Test_PostMethod" time="2.198" errors="0" timestamp="2024-09-01T15:46:05 IST" skipped="0">
  <testcase classname="session_03_all_methods.Test_PostMethod" name="test03" time="2.198"/>
</testsuite> <!-- session_03_all_methods.Test_PostMethod -->
