<?xml version="1.0" encoding="UTF-8"?>
<!-- Generated by org.testng.reporters.JUnitReportReporter -->
<testsuite hostname="LAPTOP-22R4V3MJ" failures="0" tests="1" name="session_03.Test_PostMethod" time="2.134" errors="0" timestamp="2024-08-08T18:16:52 IST" skipped="0">
  <testcase classname="session_03.Test_PostMethod" name="test03" time="2.134"/>
</testsuite> <!-- session_03.Test_PostMethod -->
