<?xml version="1.0" encoding="UTF-8"?>
<!-- Generated by org.testng.reporters.JUnitReportReporter -->
<testsuite hostname="LAPTOP-22R4V3MJ" failures="0" tests="1" name="session_03_all_methods.Test_put_method" time="2.320" errors="0" timestamp="2024-09-01T16:04:50 IST" skipped="0">
  <testcase classname="session_03_all_methods.Test_put_method" name="test04" time="2.320"/>
</testsuite> <!-- session_03_all_methods.Test_put_method -->
