<?xml version="1.0" encoding="UTF-8"?>
<!-- Generated by org.testng.reporters.JUnitReportReporter -->
<testsuite hostname="LAPTOP-22R4V3MJ" failures="0" tests="1" name="session_03.Test_patch_method" time="2.174" errors="0" timestamp="2024-08-08T18:25:30 IST" skipped="0">
  <testcase classname="session_03.Test_patch_method" name="test05" time="2.174"/>
</testsuite> <!-- session_03.Test_patch_method -->
