<?xml version="1.0" encoding="UTF-8"?>
<!-- Generated by org.testng.reporters.JUnitReportReporter -->
<testsuite hostname="LAPTOP-22R4V3MJ" failures="0" tests="1" name="session_03.Test_put_method" time="2.221" errors="0" timestamp="2024-08-08T18:18:22 IST" skipped="0">
  <testcase classname="session_03.Test_put_method" name="test04" time="2.221"/>
</testsuite> <!-- session_03.Test_put_method -->
