<?xml version="1.0" encoding="UTF-8"?>
<!-- Generated by org.testng.reporters.JUnitReportReporter -->
<testsuite hostname="LAPTOP-22R4V3MJ" failures="0" tests="1" name="session_02_firstRestAPI.FirstGetRequest" time="2.390" errors="0" timestamp="2024-09-01T14:56:18 IST" skipped="0">
  <testcase classname="session_02_firstRestAPI.FirstGetRequest" name="tecase01" time="2.390"/>
</testsuite> <!-- session_02_firstRestAPI.FirstGetRequest -->
