<?xml version="1.0" encoding="UTF-8"?>
<!-- Generated by org.testng.reporters.JUnitReportReporter -->
<testsuite hostname="LAPTOP-22R4V3MJ" failures="0" tests="3" name="session_04.CheckForValidResponse" time="2.171" errors="0" timestamp="2024-08-11T14:13:58 IST" skipped="1">
  <testcase classname="session_04.CheckForValidResponse" name="GetSingleUserUsingBDD" time="1.831"/>
  <testcase classname="session_04.CheckForValidResponse" name="GetSingleUserValidableResponse" time="0.340"/>
  <testcase classname="session_04.CheckForValidResponse" name="GetSingleUser">
    <skipped/>
  </testcase> <!-- GetSingleUser -->
</testsuite> <!-- session_04.CheckForValidResponse -->
