<?xml version="1.0" encoding="UTF-8"?>
<!-- Generated by org.testng.reporters.JUnitReportReporter -->
<testsuite hostname="LAPTOP-22R4V3MJ" failures="0" tests="1" name="session_03_all_methods.Test_delete_method" time="2.282" errors="0" timestamp="2024-09-01T15:50:38 IST" skipped="0">
  <testcase classname="session_03_all_methods.Test_delete_method" name="test06" time="2.282"/>
</testsuite> <!-- session_03_all_methods.Test_delete_method -->
