<?xml version="1.0" encoding="UTF-8"?>
<!-- Generated by org.testng.reporters.JUnitReportReporter -->
<testsuite hostname="LAPTOP-22R4V3MJ" failures="0" tests="1" name="RestAssure.apiTesting.FirstGetRequest" time="3.142" errors="0" timestamp="2024-08-11T17:06:31 IST" skipped="0">
  <testcase classname="RestAssure.apiTesting.FirstGetRequest" name="tecase01" time="3.142"/>
</testsuite> <!-- RestAssure.apiTesting.FirstGetRequest -->
