<?xml version="1.0" encoding="UTF-8"?>
<!-- Generated by org.testng.reporters.JUnitReportReporter -->
<testsuite hostname="LAPTOP-22R4V3MJ" failures="0" tests="1" name="session_06.ValidateJSONResponseBody" time="4.124" errors="0" timestamp="2024-08-11T19:25:15 IST" skipped="0">
  <testcase classname="session_06.ValidateJSONResponseBody" name="userResponseBody" time="4.124"/>
</testsuite> <!-- session_06.ValidateJSONResponseBody -->
